[2018-03-13 06:49:12] local.ERROR: exception 'ReflectionException' with message 'Class App\Http\Controllers\Request does not exist' in C:\xampp\htdocs\webcam_snap\vendor\laravel\framework\src\Illuminate\Routing\RouteSignatureParameters.php:25
Stack trace:
#0 C:\xampp\htdocs\webcam_snap\vendor\laravel\framework\src\Illuminate\Routing\RouteSignatureParameters.php(25): ReflectionParameter->getClass()
#1 [internal function]: Illuminate\Routing\RouteSignatureParameters::Illuminate\Routing\{closure}(Object(ReflectionParameter))
#2 C:\xampp\htdocs\webcam_snap\vendor\laravel\framework\src\Illuminate\Routing\RouteSignatureParameters.php(26): array_filter(Array, Object(Closure))
#3 C:\xampp\htdocs\webcam_snap\vendor\laravel\framework\src\Illuminate\Routing\Route.php(425): Illuminate\Routing\RouteSignatureParameters::fromAction(Array, 'Illuminate\\Data...')
#4 C:\xampp\htdocs\webcam_snap\vendor\laravel\framework\src\Illuminate\Routing\ImplicitRouteBinding.php(20): Illuminate\Routing\Route->signatureParameters('Illuminate\\Data...')
#5 C:\xampp\htdocs\webcam_snap\vendor\laravel\framework\src\Illuminate\Routing\Router.php(646): Illuminate\Routing\ImplicitRouteBinding::resolveForRoute(Object(Illuminate\Foundation\Application), Object(Illuminate\Routing\Route))
#6 C:\xampp\htdocs\webcam_snap\vendor\laravel\framework\src\Illuminate\Routing\Middleware\SubstituteBindings.php(39): Illuminate\Routing\Router->substituteImplicitBindings(Object(Illuminate\Routing\Route))
#7 C:\xampp\htdocs\webcam_snap\vendor\laravel\framework\src\Illuminate\Pipeline\Pipeline.php(148): Illuminate\Routing\Middleware\SubstituteBindings->handle(Object(Illuminate\Http\Request), Object(Closure))
#8 C:\xampp\htdocs\webcam_snap\vendor\laravel\framework\src\Illuminate\Routing\Pipeline.php(53): Illuminate\Pipeline\Pipeline->Illuminate\Pipeline\{closure}(Object(Illuminate\Http\Request))
#9 C:\xampp\htdocs\webcam_snap\vendor\laravel\framework\src\Illuminate\Foundation\Http\Middleware\VerifyCsrfToken.php(65): Illuminate\Routing\Pipeline->Illuminate\Routing\{closure}(Object(Illuminate\Http\Request))
#10 C:\xampp\htdocs\webcam_snap\vendor\laravel\framework\src\Illuminate\Pipeline\Pipeline.php(148): Illuminate\Foundation\Http\Middleware\VerifyCsrfToken->handle(Object(Illuminate\Http\Request), Object(Closure))
#11 C:\xampp\htdocs\webcam_snap\vendor\laravel\framework\src\Illuminate\Routing\Pipeline.php(53): Illuminate\Pipeline\Pipeline->Illuminate\Pipeline\{closure}(Object(Illuminate\Http\Request))
#12 C:\xampp\htdocs\webcam_snap\vendor\laravel\framework\src\Illuminate\View\Middleware\ShareErrorsFromSession.php(49): Illuminate\Routing\Pipeline->Illuminate\Routing\{closure}(Object(Illuminate\Http\Request))
#13 C:\xampp\htdocs\webcam_snap\vendor\laravel\framework\src\Illuminate\Pipeline\Pipeline.php(148): Illuminate\View\Middleware\ShareErrorsFromSession->handle(Object(Illuminate\Http\Request), Object(Closure))
#14 C:\xampp\htdocs\webcam_snap\vendor\laravel\framework\src\Illuminate\Routing\Pipeline.php(53): Illuminate\Pipeline\Pipeline->Illuminate\Pipeline\{closure}(Object(Illuminate\Http\Request))
#15 C:\xampp\htdocs\webcam_snap\vendor\laravel\framework\src\Illuminate\Session\Middleware\StartSession.php(64): Illuminate\Routing\Pipeline->Illuminate\Routing\{closure}(Object(Illuminate\Http\Request))
#16 C:\xampp\htdocs\webcam_snap\vendor\laravel\framework\src\Illuminate\Pipeline\Pipeline.php(148): Illuminate\Session\Middleware\StartSession->handle(Object(Illuminate\Http\Request), Object(Closure))
#17 C:\xampp\htdocs\webcam_snap\vendor\laravel\framework\src\Illuminate\Routing\Pipeline.php(53): Illuminate\Pipeline\Pipeline->Illuminate\Pipeline\{closure}(Object(Illuminate\Http\Request))
#18 C:\xampp\htdocs\webcam_snap\vendor\laravel\framework\src\Illuminate\Cookie\Middleware\AddQueuedCookiesToResponse.php(37): Illuminate\Routing\Pipeline->Illuminate\Routing\{closure}(Object(Illuminate\Http\Request))
#19 C:\xampp\htdocs\webcam_snap\vendor\laravel\framework\src\Illuminate\Pipeline\Pipeline.php(148): Illuminate\Cookie\Middleware\AddQueuedCookiesToResponse->handle(Object(Illuminate\Http\Request), Object(Closure))
#20 C:\xampp\htdocs\webcam_snap\vendor\laravel\framework\src\Illuminate\Routing\Pipeline.php(53): Illuminate\Pipeline\Pipeline->Illuminate\Pipeline\{closure}(Object(Illuminate\Http\Request))
#21 C:\xampp\htdocs\webcam_snap\vendor\laravel\framework\src\Illuminate\Cookie\Middleware\EncryptCookies.php(59): Illuminate\Routing\Pipeline->Illuminate\Routing\{closure}(Object(Illuminate\Http\Request))
#22 C:\xampp\htdocs\webcam_snap\vendor\laravel\framework\src\Illuminate\Pipeline\Pipeline.php(148): Illuminate\Cookie\Middleware\EncryptCookies->handle(Object(Illuminate\Http\Request), Object(Closure))
#23 C:\xampp\htdocs\webcam_snap\vendor\laravel\framework\src\Illuminate\Routing\Pipeline.php(53): Illuminate\Pipeline\Pipeline->Illuminate\Pipeline\{closure}(Object(Illuminate\Http\Request))
#24 C:\xampp\htdocs\webcam_snap\vendor\laravel\framework\src\Illuminate\Pipeline\Pipeline.php(102): Illuminate\Routing\Pipeline->Illuminate\Routing\{closure}(Object(Illuminate\Http\Request))
#25 C:\xampp\htdocs\webcam_snap\vendor\laravel\framework\src\Illuminate\Routing\Router.php(574): Illuminate\Pipeline\Pipeline->then(Object(Closure))
#26 C:\xampp\htdocs\webcam_snap\vendor\laravel\framework\src\Illuminate\Routing\Router.php(533): Illuminate\Routing\Router->runRouteWithinStack(Object(Illuminate\Routing\Route), Object(Illuminate\Http\Request))
#27 C:\xampp\htdocs\webcam_snap\vendor\laravel\framework\src\Illuminate\Routing\Router.php(511): Illuminate\Routing\Router->dispatchToRoute(Object(Illuminate\Http\Request))
#28 C:\xampp\htdocs\webcam_snap\vendor\laravel\framework\src\Illuminate\Foundation\Http\Kernel.php(176): Illuminate\Routing\Router->dispatch(Object(Illuminate\Http\Request))
#29 C:\xampp\htdocs\webcam_snap\vendor\laravel\framework\src\Illuminate\Routing\Pipeline.php(30): Illuminate\Foundation\Http\Kernel->Illuminate\Foundation\Http\{closure}(Object(Illuminate\Http\Request))
#30 C:\xampp\htdocs\webcam_snap\vendor\laravel\framework\src\Illuminate\Foundation\Http\Middleware\TransformsRequest.php(30): Illuminate\Routing\Pipeline->Illuminate\Routing\{closure}(Object(Illuminate\Http\Request))
#31 C:\xampp\htdocs\webcam_snap\vendor\laravel\framework\src\Illuminate\Pipeline\Pipeline.php(148): Illuminate\Foundation\Http\Middleware\TransformsRequest->handle(Object(Illuminate\Http\Request), Object(Closure))
#32 C:\xampp\htdocs\webcam_snap\vendor\laravel\framework\src\Illuminate\Routing\Pipeline.php(53): Illuminate\Pipeline\Pipeline->Illuminate\Pipeline\{closure}(Object(Illuminate\Http\Request))
#33 C:\xampp\htdocs\webcam_snap\vendor\laravel\framework\src\Illuminate\Foundation\Http\Middleware\TransformsRequest.php(30): Illuminate\Routing\Pipeline->Illuminate\Routing\{closure}(Object(Illuminate\Http\Request))
#34 C:\xampp\htdocs\webcam_snap\vendor\laravel\framework\src\Illuminate\Pipeline\Pipeline.php(148): Illuminate\Foundation\Http\Middleware\TransformsRequest->handle(Object(Illuminate\Http\Request), Object(Closure))
#35 C:\xampp\htdocs\webcam_snap\vendor\laravel\framework\src\Illuminate\Routing\Pipeline.php(53): Illuminate\Pipeline\Pipeline->Illuminate\Pipeline\{closure}(Object(Illuminate\Http\Request))
#36 C:\xampp\htdocs\webcam_snap\vendor\laravel\framework\src\Illuminate\Foundation\Http\Middleware\ValidatePostSize.php(27): Illuminate\Routing\Pipeline->Illuminate\Routing\{closure}(Object(Illuminate\Http\Request))
#37 C:\xampp\htdocs\webcam_snap\vendor\laravel\framework\src\Illuminate\Pipeline\Pipeline.php(148): Illuminate\Foundation\Http\Middleware\ValidatePostSize->handle(Object(Illuminate\Http\Request), Object(Closure))
#38 C:\xampp\htdocs\webcam_snap\vendor\laravel\framework\src\Illuminate\Routing\Pipeline.php(53): Illuminate\Pipeline\Pipeline->Illuminate\Pipeline\{closure}(Object(Illuminate\Http\Request))
#39 C:\xampp\htdocs\webcam_snap\vendor\laravel\framework\src\Illuminate\Foundation\Http\Middleware\CheckForMaintenanceMode.php(46): Illuminate\Routing\Pipeline->Illuminate\Routing\{closure}(Object(Illuminate\Http\Request))
#40 C:\xampp\htdocs\webcam_snap\vendor\laravel\framework\src\Illuminate\Pipeline\Pipeline.php(148): Illuminate\Foundation\Http\Middleware\CheckForMaintenanceMode->handle(Object(Illuminate\Http\Request), Object(Closure))
#41 C:\xampp\htdocs\webcam_snap\vendor\laravel\framework\src\Illuminate\Routing\Pipeline.php(53): Illuminate\Pipeline\Pipeline->Illuminate\Pipeline\{closure}(Object(Illuminate\Http\Request))
#42 C:\xampp\htdocs\webcam_snap\vendor\laravel\framework\src\Illuminate\Pipeline\Pipeline.php(102): Illuminate\Routing\Pipeline->Illuminate\Routing\{closure}(Object(Illuminate\Http\Request))
#43 C:\xampp\htdocs\webcam_snap\vendor\laravel\framework\src\Illuminate\Foundation\Http\Kernel.php(151): Illuminate\Pipeline\Pipeline->then(Object(Closure))
#44 C:\xampp\htdocs\webcam_snap\vendor\laravel\framework\src\Illuminate\Foundation\Http\Kernel.php(116): Illuminate\Foundation\Http\Kernel->sendRequestThroughRouter(Object(Illuminate\Http\Request))
#45 C:\xampp\htdocs\webcam_snap\public\index.php(54): Illuminate\Foundation\Http\Kernel->handle(Object(Illuminate\Http\Request))
#46 C:\xampp\htdocs\webcam_snap\server.php(21): require_once('C:\\xampp\\htdocs...')
#47 {main}  
[2018-03-13 06:51:07] local.ERROR: exception 'ErrorException' with message 'Declaration of App\Http\Controllers\SnapController::snap() should be compatible with App\Http\Controllers\Controller::snap(App\Http\Controllers\Request $request)' in C:\xampp\htdocs\webcam_snap\app\Http\Controllers\SnapController.php:10
Stack trace:
#0 C:\xampp\htdocs\webcam_snap\app\Http\Controllers\SnapController.php(10): Illuminate\Foundation\Bootstrap\HandleExceptions->handleError(2048, 'Declaration of ...', 'C:\\xampp\\htdocs...', 10, Array)
#1 C:\xampp\htdocs\webcam_snap\vendor\composer\ClassLoader.php(444): include('C:\\xampp\\htdocs...')
#2 C:\xampp\htdocs\webcam_snap\vendor\composer\ClassLoader.php(322): Composer\Autoload\includeFile('C:\\xampp\\htdocs...')
#3 [internal function]: Composer\Autoload\ClassLoader->loadClass('App\\Http\\Contro...')
#4 [internal function]: spl_autoload_call('App\\Http\\Contro...')
#5 C:\xampp\htdocs\webcam_snap\vendor\laravel\framework\src\Illuminate\Container\Container.php(729): ReflectionClass->__construct('App\\Http\\Contro...')
#6 C:\xampp\htdocs\webcam_snap\vendor\laravel\framework\src\Illuminate\Container\Container.php(608): Illuminate\Container\Container->build('App\\Http\\Contro...')
#7 C:\xampp\htdocs\webcam_snap\vendor\laravel\framework\src\Illuminate\Container\Container.php(575): Illuminate\Container\Container->resolve('App\\Http\\Contro...')
#8 C:\xampp\htdocs\webcam_snap\vendor\laravel\framework\src\Illuminate\Foundation\Application.php(728): Illuminate\Container\Container->make('App\\Http\\Contro...')
#9 C:\xampp\htdocs\webcam_snap\vendor\laravel\framework\src\Illuminate\Routing\Route.php(217): Illuminate\Foundation\Application->make('App\\Http\\Contro...')
#10 C:\xampp\htdocs\webcam_snap\vendor\laravel\framework\src\Illuminate\Routing\Route.php(747): Illuminate\Routing\Route->getController()
#11 C:\xampp\htdocs\webcam_snap\vendor\laravel\framework\src\Illuminate\Routing\Route.php(708): Illuminate\Routing\Route->controllerMiddleware()
#12 C:\xampp\htdocs\webcam_snap\vendor\laravel\framework\src\Illuminate\Routing\Router.php(585): Illuminate\Routing\Route->gatherMiddleware()
#13 C:\xampp\htdocs\webcam_snap\vendor\laravel\framework\src\Illuminate\Routing\Router.php(565): Illuminate\Routing\Router->gatherRouteMiddleware(Object(Illuminate\Routing\Route))
#14 C:\xampp\htdocs\webcam_snap\vendor\laravel\framework\src\Illuminate\Routing\Router.php(533): Illuminate\Routing\Router->runRouteWithinStack(Object(Illuminate\Routing\Route), Object(Illuminate\Http\Request))
#15 C:\xampp\htdocs\webcam_snap\vendor\laravel\framework\src\Illuminate\Routing\Router.php(511): Illuminate\Routing\Router->dispatchToRoute(Object(Illuminate\Http\Request))
#16 C:\xampp\htdocs\webcam_snap\vendor\laravel\framework\src\Illuminate\Foundation\Http\Kernel.php(176): Illuminate\Routing\Router->dispatch(Object(Illuminate\Http\Request))
#17 C:\xampp\htdocs\webcam_snap\vendor\laravel\framework\src\Illuminate\Routing\Pipeline.php(30): Illuminate\Foundation\Http\Kernel->Illuminate\Foundation\Http\{closure}(Object(Illuminate\Http\Request))
#18 C:\xampp\htdocs\webcam_snap\vendor\laravel\framework\src\Illuminate\Foundation\Http\Middleware\TransformsRequest.php(30): Illuminate\Routing\Pipeline->Illuminate\Routing\{closure}(Object(Illuminate\Http\Request))
#19 C:\xampp\htdocs\webcam_snap\vendor\laravel\framework\src\Illuminate\Pipeline\Pipeline.php(148): Illuminate\Foundation\Http\Middleware\TransformsRequest->handle(Object(Illuminate\Http\Request), Object(Closure))
#20 C:\xampp\htdocs\webcam_snap\vendor\laravel\framework\src\Illuminate\Routing\Pipeline.php(53): Illuminate\Pipeline\Pipeline->Illuminate\Pipeline\{closure}(Object(Illuminate\Http\Request))
#21 C:\xampp\htdocs\webcam_snap\vendor\laravel\framework\src\Illuminate\Foundation\Http\Middleware\TransformsRequest.php(30): Illuminate\Routing\Pipeline->Illuminate\Routing\{closure}(Object(Illuminate\Http\Request))
#22 C:\xampp\htdocs\webcam_snap\vendor\laravel\framework\src\Illuminate\Pipeline\Pipeline.php(148): Illuminate\Foundation\Http\Middleware\TransformsRequest->handle(Object(Illuminate\Http\Request), Object(Closure))
#23 C:\xampp\htdocs\webcam_snap\vendor\laravel\framework\src\Illuminate\Routing\Pipeline.php(53): Illuminate\Pipeline\Pipeline->Illuminate\Pipeline\{closure}(Object(Illuminate\Http\Request))
#24 C:\xampp\htdocs\webcam_snap\vendor\laravel\framework\src\Illuminate\Foundation\Http\Middleware\ValidatePostSize.php(27): Illuminate\Routing\Pipeline->Illuminate\Routing\{closure}(Object(Illuminate\Http\Request))
#25 C:\xampp\htdocs\webcam_snap\vendor\laravel\framework\src\Illuminate\Pipeline\Pipeline.php(148): Illuminate\Foundation\Http\Middleware\ValidatePostSize->handle(Object(Illuminate\Http\Request), Object(Closure))
#26 C:\xampp\htdocs\webcam_snap\vendor\laravel\framework\src\Illuminate\Routing\Pipeline.php(53): Illuminate\Pipeline\Pipeline->Illuminate\Pipeline\{closure}(Object(Illuminate\Http\Request))
#27 C:\xampp\htdocs\webcam_snap\vendor\laravel\framework\src\Illuminate\Foundation\Http\Middleware\CheckForMaintenanceMode.php(46): Illuminate\Routing\Pipeline->Illuminate\Routing\{closure}(Object(Illuminate\Http\Request))
#28 C:\xampp\htdocs\webcam_snap\vendor\laravel\framework\src\Illuminate\Pipeline\Pipeline.php(148): Illuminate\Foundation\Http\Middleware\CheckForMaintenanceMode->handle(Object(Illuminate\Http\Request), Object(Closure))
#29 C:\xampp\htdocs\webcam_snap\vendor\laravel\framework\src\Illuminate\Routing\Pipeline.php(53): Illuminate\Pipeline\Pipeline->Illuminate\Pipeline\{closure}(Object(Illuminate\Http\Request))
#30 C:\xampp\htdocs\webcam_snap\vendor\laravel\framework\src\Illuminate\Pipeline\Pipeline.php(102): Illuminate\Routing\Pipeline->Illuminate\Routing\{closure}(Object(Illuminate\Http\Request))
#31 C:\xampp\htdocs\webcam_snap\vendor\laravel\framework\src\Illuminate\Foundation\Http\Kernel.php(151): Illuminate\Pipeline\Pipeline->then(Object(Closure))
#32 C:\xampp\htdocs\webcam_snap\vendor\laravel\framework\src\Illuminate\Foundation\Http\Kernel.php(116): Illuminate\Foundation\Http\Kernel->sendRequestThroughRouter(Object(Illuminate\Http\Request))
#33 C:\xampp\htdocs\webcam_snap\public\index.php(54): Illuminate\Foundation\Http\Kernel->handle(Object(Illuminate\Http\Request))
#34 C:\xampp\htdocs\webcam_snap\server.php(21): require_once('C:\\xampp\\htdocs...')
#35 {main}  
[2018-03-13 06:51:25] local.ERROR: exception 'Symfony\Component\Debug\Exception\FatalErrorException' with message 'Class 'App\Http\Controllers\Auth' not found' in C:\xampp\htdocs\webcam_snap\app\Http\Controllers\SnapController.php:16
Stack trace:
#0 {main}  
